\BOOKMARK [0][-]{chapter*.1}{Abstract}{}% 1
\BOOKMARK [0][-]{chapter*.2}{Acknowledgements}{}% 2
\BOOKMARK [0][-]{chapter*.2}{Contents}{}% 3
\BOOKMARK [0][-]{chapter*.3}{List of Figures}{}% 4
\BOOKMARK [0][-]{chapter*.4}{List of Tables}{}% 5
\BOOKMARK [0][-]{chapter.1}{Introduction}{}% 6
\BOOKMARK [1][-]{section.1.1}{The Standard Model and Beyond}{chapter.1}% 7
\BOOKMARK [1][-]{section.1.2}{Gauge Principle, Yang Mills Theories, and the Weinberg-Salam Model}{chapter.1}% 8
\BOOKMARK [1][-]{section.1.3}{The Higgs Mechanism}{chapter.1}% 9
\BOOKMARK [1][-]{section.1.4}{Higgs Doublet Models}{chapter.1}% 10
\BOOKMARK [1][-]{section.1.5}{Previous and present searches in 2HDM+S models}{chapter.1}% 11
\BOOKMARK [0][-]{chapter.2}{CERN, The LHC, and The CMS Detector}{}% 12
\BOOKMARK [1][-]{section.2.1}{CERN and the Large Hadron Collider}{chapter.2}% 13
\BOOKMARK [1][-]{section.2.2}{The Compact Muon Solenoid detector}{chapter.2}% 14
\BOOKMARK [1][-]{section.2.3}{Subdetector Systems}{chapter.2}% 15
\BOOKMARK [2][-]{subsection.2.3.1}{Tracker}{section.2.3}% 16
\BOOKMARK [2][-]{subsection.2.3.2}{Electromagnetic Calorimeter \(ECAL\)}{section.2.3}% 17
\BOOKMARK [2][-]{subsection.2.3.3}{Hadronic Calorimeter \(HCAL\)}{section.2.3}% 18
\BOOKMARK [2][-]{subsection.2.3.4}{Muon System}{section.2.3}% 19
\BOOKMARK [1][-]{section.2.4}{Level 1 Trigger System and High Level Trigger}{chapter.2}% 20
\BOOKMARK [1][-]{section.2.5}{Particle Flow Algorithms}{chapter.2}% 21
\BOOKMARK [1][-]{section.2.6}{Computational Infrastructure}{chapter.2}% 22
\BOOKMARK [0][-]{chapter.3}{Luminosity}{}% 23
\BOOKMARK [0][-]{chapter.4}{Lepton Identification and Data}{}% 24
\BOOKMARK [1][-]{section.4.1}{Lepton Identification}{chapter.4}% 25
\BOOKMARK [2][-]{subsection.4.1.1}{Muon Identification Systems}{section.4.1}% 26
\BOOKMARK [2][-]{subsection.4.1.2}{Electron Identification Systems}{section.4.1}% 27
\BOOKMARK [2][-]{subsection.4.1.3}{Tau Identification Systems}{section.4.1}% 28
\BOOKMARK [1][-]{section.4.2}{Data and Simulation Used for Analysis}{chapter.4}% 29
\BOOKMARK [2][-]{subsection.4.2.1}{2 \0402 \040Signal Samples }{section.4.2}% 30
\BOOKMARK [1][-]{section.4.3}{Corrections to Simulations }{chapter.4}% 31
\BOOKMARK [2][-]{subsection.4.3.1}{Muon energy scale}{section.4.3}% 32
\BOOKMARK [2][-]{subsection.4.3.2}{Electron energy scale}{section.4.3}% 33
\BOOKMARK [2][-]{subsection.4.3.3}{ energy scale}{section.4.3}% 34
\BOOKMARK [2][-]{subsection.4.3.4}{h ID efficiency}{section.4.3}% 35
\BOOKMARK [2][-]{subsection.4.3.5}{e h and h misidentification rate}{section.4.3}% 36
\BOOKMARK [2][-]{subsection.4.3.6}{Pileup Re-weighting}{section.4.3}% 37
\BOOKMARK [2][-]{subsection.4.3.7}{Electron and muon identification efficiency}{section.4.3}% 38
\BOOKMARK [2][-]{subsection.4.3.8}{Generator event weights and luminosity}{section.4.3}% 39
\BOOKMARK [2][-]{subsection.4.3.9}{Offline Muon Selection}{section.4.3}% 40
\BOOKMARK [2][-]{subsection.4.3.10}{Visualizing the Corrections}{section.4.3}% 41
\BOOKMARK [0][-]{chapter.5}{Event Selection}{}% 42
\BOOKMARK [1][-]{section.5.1}{Framing an Analysis at CERN}{chapter.5}% 43
\BOOKMARK [1][-]{section.5.2}{Defining Signal and Control Regions}{chapter.5}% 44
\BOOKMARK [2][-]{subsection.5.2.1}{Optimizing Lepton Pair Selection}{section.5.2}% 45
\BOOKMARK [0][-]{chapter.6}{Background Estimation}{}% 46
\BOOKMARK [1][-]{subsection.6.0.1}{Brief Outline of the Fake Rate Method}{chapter.6}% 47
\BOOKMARK [2][-]{subsection.6.0.2}{Measurement of the Fake Rate}{subsection.6.0.1}% 48
\BOOKMARK [2][-]{subsection.6.0.3}{Application of the Fake Rate Method}{subsection.6.0.1}% 49
\BOOKMARK [0][-]{chapter.7}{Statistical Inference Modeling}{}% 50
\BOOKMARK [1][-]{section.7.1}{Statistical Inference at CERN}{chapter.7}% 51
\BOOKMARK [1][-]{section.7.2}{Worked Example for Low Stat Analyses}{chapter.7}% 52
\BOOKMARK [1][-]{section.7.3}{Fit model for pseudoscalar Higgs search}{chapter.7}% 53
\BOOKMARK [0][-]{chapter.8}{Conclusions}{}% 54
\BOOKMARK [0][-]{appendix.A}{Data and Simulation Samples}{}% 55
\BOOKMARK [1][-]{section.A.1}{Data and Simluation Used for Analysis}{appendix.A}% 56
\BOOKMARK [0][-]{appendix.B}{Fake Rate Measurements}{}% 57
\BOOKMARK [0][-]{appendix.C}{Systematic Uncertainties}{}% 58
\BOOKMARK [0][-]{appendix.D}{Fit Models}{}% 59
\BOOKMARK [0][-]{appendix*.8}{References}{}% 60
